2022-06-11T00:25:12.852Z [server-api] info: GET /questions/:id or :page - undefined
2022-06-11T00:25:13.442Z [server-api] info: GET /questions/:id or :page - undefined
2022-06-11T00:25:14.807Z [server-api] info: GET /questions/:id or :page - undefined
2022-06-11T00:25:16.188Z [server-api] info: GET /questions/:id or :page - undefined
2022-06-11T00:25:17.325Z [server-api] info: GET /questions/:id or :page - undefined
2022-06-11T00:25:18.654Z [server-api] info: GET /questions/:id or :page - undefined
2022-06-11T00:25:18.884Z [server-api] info: GET /questions/:id or :page - undefined
2022-06-11T00:25:19.130Z [server-api] info: GET /questions/:id or :page - undefined
2022-06-11T00:25:42.433Z [server-api] info: POST /question/info - {"name":"huhuhuhuhuhuhu","email":"email@email.com","observation":"jijiji","date":"2022/10/30"}
2022-06-11T00:25:43.589Z [server-api] info: GET /questions/:id or :page - undefined
2022-06-11T00:25:45.212Z [server-api] info: GET /questions/:id or :page - undefined
2022-06-11T00:25:45.747Z [server-api] info: GET /questions/:id or :page - undefined
2022-06-11T00:25:46.199Z [server-api] info: GET /questions/:id or :page - undefined
2022-06-11T00:25:46.921Z [server-api] info: GET /questions/:id or :page - undefined
2022-06-11T00:25:58.139Z [server-api] info: GET /questions/:id or :page - undefined
2022-06-11T00:25:59.342Z [server-api] info: GET /questions/:id or :page - undefined
2022-06-11T00:25:59.546Z [server-api] info: GET /questions/:id or :page - undefined
2022-06-11T00:25:59.837Z [server-api] info: GET /questions/:id or :page - undefined
2022-06-11T00:26:06.338Z [server-api] info: GET /questions/:id or :page - undefined
2022-06-11T00:26:40.480Z [server-api] info: GET /questions/:id or :page - undefined
2022-06-11T00:26:51.592Z [server-api] info: GET /questions/:id or :page - undefined
2022-06-11T00:28:07.729Z [server-api] info: GET /questions/:id or :page - undefined
2022-06-11T00:28:12.074Z [server-api] info: GET /questions/:id or :page - undefined
2022-06-12T21:28:55.682Z [server-api] error: GET  - bad auth : Authentication failed.
2022-06-12T21:28:56.265Z [server-api] error: GET  - bad auth : Authentication failed.
2022-06-12T21:29:35.079Z [server-api] info: GET /questions/:id or :page - undefined
2022-06-12T21:29:35.154Z [server-api] info: GET /questions/:id or :page - undefined
2022-06-12T21:29:38.147Z [server-api] info: GET /questions/:id or :page - undefined
2022-06-12T21:29:40.020Z [server-api] info: GET /questions/:id or :page - undefined
2022-06-12T21:29:41.093Z [server-api] info: GET /questions/:id or :page - undefined
2022-06-12T21:29:42.046Z [server-api] info: GET /questions/:id or :page - undefined
2022-06-12T21:29:43.025Z [server-api] info: GET /questions/:id or :page - undefined
2022-06-12T21:29:46.027Z [server-api] info: GET /questions/:id or :page - undefined
2022-06-12T21:30:04.181Z [server-api] info: POST /question/info - {"name":"testtttttttttt","email":"te@te.com","observation":"ijijij","date":"2022/10/01"}
2022-06-12T21:30:07.347Z [server-api] info: GET /questions/:id or :page - undefined
2022-06-12T21:30:07.420Z [server-api] info: GET /questions/:id or :page - undefined
2022-06-12T21:30:09.813Z [server-api] info: GET /questions/:id or :page - undefined
2022-06-12T21:30:10.946Z [server-api] info: GET /questions/:id or :page - undefined
2022-06-12T21:30:11.820Z [server-api] info: GET /questions/:id or :page - undefined
2022-06-12T21:30:12.701Z [server-api] info: GET /questions/:id or :page - undefined
2022-06-12T21:31:51.080Z [server-api] info: GET /questions/:id or :page - undefined
2022-06-12T21:31:52.235Z [server-api] info: GET /questions/:id or :page - undefined
2022-06-12T21:31:52.301Z [server-api] info: GET /questions/:id or :page - undefined
2022-06-12T21:31:55.225Z [server-api] info: GET /questions/:id or :page - undefined
2022-06-12T21:31:57.859Z [server-api] info: GET /questions/:id or :page - undefined
2022-06-12T21:32:00.368Z [server-api] info: GET /questions/:id or :page - undefined
2022-06-12T21:32:01.296Z [server-api] info: GET /questions/:id or :page - undefined
2022-06-12T21:32:02.321Z [server-api] info: GET /questions/:id or :page - undefined
2022-06-12T21:32:03.288Z [server-api] info: GET /questions/:id or :page - undefined
2022-06-12T21:32:04.166Z [server-api] info: GET /questions/:id or :page - undefined
2022-06-12T21:32:21.342Z [server-api] info: GET /questions/:id or :page - undefined
2022-06-12T21:32:23.362Z [server-api] info: GET /questions/:id or :page - undefined
2022-06-12T21:32:23.431Z [server-api] info: GET /questions/:id or :page - undefined
2022-06-12T23:47:43.348Z [server-api] info: GET /questions/:id or :page - undefined
2022-06-12T23:47:43.441Z [server-api] info: GET /questions/:id or :page - undefined
2022-06-12T23:47:46.670Z [server-api] info: GET /questions/:id or :page - undefined
2022-06-12T23:47:47.963Z [server-api] info: GET /questions/:id or :page - undefined
2022-06-12T23:47:49.810Z [server-api] info: GET /questions/:id or :page - undefined
2022-06-12T23:47:51.676Z [server-api] info: GET /questions/:id or :page - undefined
2022-06-12T23:47:52.868Z [server-api] info: GET /questions/:id or :page - undefined
2022-06-12T23:47:54.701Z [server-api] info: GET /questions/:id or :page - undefined
2022-06-12T23:48:08.017Z [server-api] error: POST  - The email is invalid!
2022-06-12T23:50:01.949Z [server-api] error: POST  - The email is invalid!
2022-06-12T23:50:41.538Z [server-api] error: POST  - The email is invalid!
2022-06-12T23:50:47.807Z [server-api] error: POST  - The email is invalid!
2022-06-12T23:51:18.803Z [server-api] info: POST /question/info - {"name":"bbbbbb","email":"bb@bb.com.br","observation":"bbb","date":"2029/01/01"}
2022-06-12T23:51:21.464Z [server-api] info: GET /questions/:id or :page - undefined
2022-06-12T23:51:21.535Z [server-api] info: GET /questions/:id or :page - undefined
2022-06-12T23:51:24.526Z [server-api] info: GET /questions/:id or :page - undefined
2022-06-12T23:51:26.257Z [server-api] info: GET /questions/:id or :page - undefined
2022-06-12T23:51:27.731Z [server-api] info: GET /questions/:id or :page - undefined
2022-06-12T23:51:29.555Z [server-api] info: GET /questions/:id or :page - undefined
